Flutter crash report; please file at https://github.com/flutter/flutter/issues.

## command

flutter run --machine -t lib/main.dart -d 192.168.57.101:5555 --start-paused

## exception

FileSystemException: FileSystemException: writeFrom failed, path = '/Users/monpriya/Desktop/development/flutter/version' (OS Error: No space left on device, errno = 28)

```
#0      _RandomAccessFile.writeFrom.<anonymous closure> (dart:io/file_impl.dart:868)
#1      _rootRunUnary (dart:async/zone.dart:1134)
#2      _CustomZone.runUnary (dart:async/zone.dart:1031)
#3      _FutureListener.handleValue (dart:async/future_impl.dart:129)
#4      Future._propagateToListeners.handleValueCallback (dart:async/future_impl.dart:633)
#5      Future._propagateToListeners (dart:async/future_impl.dart:662)
#6      Future._completeWithValue (dart:async/future_impl.dart:477)
#7      Future._asyncComplete.<anonymous closure> (dart:async/future_impl.dart:507)
#8      _rootRun (dart:async/zone.dart:1126)
#9      _CustomZone.run (dart:async/zone.dart:1023)
#10     _CustomZone.bindCallback.<anonymous closure> (dart:async/zone.dart:949)
#11     _microtaskLoop (dart:async/schedule_microtask.dart:41)
#12     _startMicrotaskLoop (dart:async/schedule_microtask.dart:50)
#13     _runPendingImmediateCallback (dart:isolate-patch/dart:isolate/isolate_patch.dart:113)
#14     _RawReceivePortImpl._handleMessage (dart:isolate-patch/dart:isolate/isolate_patch.dart:166)
```

## flutter doctor

```
[✓] Flutter (Channel beta, v0.5.1, on Mac OS X 10.13.6 17G65, locale en-TH)
    • Flutter version 0.5.1 at /Users/monpriya/Desktop/development/flutter
    • Framework revision c7ea3ca377 (7 weeks ago), 2018-05-29 21:07:33 +0200
    • Engine revision 1ed25ca7b7
    • Dart version 2.0.0-dev.58.0.flutter-f981f09760

[!] Android toolchain - develop for Android devices (Android SDK 25.0.3)
    • Android SDK at /Users/monpriya/Library/Android/sdk
    • Android NDK at /Users/monpriya/Library/Android/sdk/ndk-bundle
    • Platform android-25, build-tools 25.0.3
    • Java binary at: /Applications/Android Studio.app/Contents/jre/jdk/Contents/Home/bin/java
    • Java version OpenJDK Runtime Environment (build 1.8.0_152-release-1024-b01)
    ! Some Android licenses not accepted.  To resolve this, run: flutter doctor --android-licenses

[!] iOS toolchain - develop for iOS devices
    ✗ Xcode installation is incomplete; a full installation is necessary for iOS development.
      Download at: https://developer.apple.com/xcode/download/
      Or install Xcode via the App Store.
      Once installed, run:
        sudo xcode-select --switch /Applications/Xcode.app/Contents/Developer
    ✗ libimobiledevice and ideviceinstaller are not installed. To install, run:
        brew install --HEAD libimobiledevice
        brew install ideviceinstaller
    ✗ ios-deploy not installed. To install:
        brew install ios-deploy
    ✗ CocoaPods not installed.
        CocoaPods is used to retrieve the iOS platform side's plugin code that responds to your plugin usage on the Dart side.
        Without resolving iOS dependencies with CocoaPods, plugins will not work on iOS.
        For more info, see https://flutter.io/platform-plugins
      To install:
        brew install cocoapods
        pod setup

[✓] Android Studio (version 3.1)
    • Android Studio at /Applications/Android Studio.app/Contents
    • Flutter plugin version 26.0.1
    • Dart plugin version 173.4700
    • Java version    70312

[!] VS Code (version 1.25.1)
    • VS Code at /Applications/Visual Studio Code.app/Contents
    • Flutter extension not installed; install from
      https://marketplace.visualstudio.com/items?itemName=Dart-Code.flutter

[✓] Connected devices (1 available)
    • Samsung Galaxy Note 2, 4 3, API 18, 720x1280 • 192.168.57.101:5555 • android-x86 • Android 4.3 (API 18)

! Doctor found issues in 3 categories.
```
